
Showing logs for build [32msimonjamesrowe-pact-broker-mast-n4qxh-6[0m stage [32mfrom-build-pack[0m and container [32mcredential-initializer[0m
{"level":"info","ts":1611391637.1266866,"caller":"creds-init/main.go:44","msg":"Credentials initialized."}

Showing logs for build [32msimonjamesrowe-pact-broker-mast-n4qxh-6[0m stage [32mfrom-build-pack[0m and container [32mworking-dir-initializer[0m

Showing logs for build [32msimonjamesrowe-pact-broker-mast-n4qxh-6[0m stage [32mfrom-build-pack[0m and container [32mplace-tools[0m

Showing logs for build [32msimonjamesrowe-pact-broker-mast-n4qxh-6[0m stage [32mfrom-build-pack[0m and container [32mstep-git-source-simonjamesrowe-pact-broker-mast-n4qxh-74mc9[0m
{"level":"info","ts":1611391645.1845946,"caller":"git/git.go:105","msg":"Successfully cloned https://github.com/simonjamesrowe/****-broker.git @ v0.0.6 in path /workspace/source"}
{"level":"warn","ts":1611391645.1848805,"caller":"git/git.go:152","msg":"Unexpected error: creating symlink: symlink /tekton/home/.ssh /****/.ssh: file exists"}
{"level":"info","ts":1611391645.230952,"caller":"git/git.go:133","msg":"Successfully initialized and updated submodules in path /workspace/source"}

Showing logs for build [32msimonjamesrowe-pact-broker-mast-n4qxh-6[0m stage [32mfrom-build-pack[0m and container [32mstep-setup-builder-home[0m

Showing logs for build [32msimonjamesrowe-pact-broker-mast-n4qxh-6[0m stage [32mfrom-build-pack[0m and container [32mstep-git-merge[0m
Using SHAs from PULL_REFS=master:66c9be9e9717955b34796af75b63db83df9d95f3
WARNING: no SHAs to merge, falling back to initial cloned commit

Showing logs for build [32msimonjamesrowe-pact-broker-mast-n4qxh-6[0m stage [32mfrom-build-pack[0m and container [32mstep-setup-jx-git-credentials[0m
Generated Git credentials file /workspace/xdg_config/git/credentials

Showing logs for build [32msimonjamesrowe-pact-broker-mast-n4qxh-6[0m stage [32mfrom-build-pack[0m and container [32mstep-build-helm-build[0m
WARNING: No $CHART_REPOSITORY defined so using the default value of: http://jenkins-x-chartmuseum:8080
DEBUG: Using helmBinary helm with feature flag: template-mode
DEBUG: Initialising Helm 'init --client-only'
Adding missing Helm repo: storage.googleapis.com https://storage.googleapis.com/chartmuseum.jenkins-x.io
Successfully added Helm repository storage.googleapis.com.
Adding missing Helm repo: jenkins-x-chartmuseum http://jenkins-x-chartmuseum:8080
Successfully added Helm repository jenkins-x-chartmuseum.
Running helm dependency build in .
No requirements found in ./charts.

Showing logs for build [32msimonjamesrowe-pact-broker-mast-n4qxh-6[0m stage [32mfrom-build-pack[0m and container [32mstep-promote-changelog[0m
Converted /workspace/source/charts/****-broker to an unshallow repository
Generating change log from git ref 5b28d492b025960a46b356ce80a8fd534c8d7fc7 => 56348e8d323292aad92b9319377c0aa0ddb88476
Associating user simon-rowe in users.jenkins.io with email simon.rowe@gmail.com to git GitProvider user with login simon-rowe-0 as emails match
Adding label jenkins.io/git-github-userid=simon-rowe-0 to user simon-rowe in users.jenkins.io
Associating user simon-rowe in users.jenkins.io with email simon.rowe@gmail.com to git GitProvider user with login simon-rowe-0 as emails match
Adding label jenkins.io/git-github-userid=simon-rowe-0 to user simon-rowe in users.jenkins.io
Finding issues in commit messages using git format
WARNING: No release found for simonjamesrowe/****-broker and tag v0.0.6 so creating a new release
Updated the release information at https://github.com/simonjamesrowe/****-broker/releases/tag/v0.0.6
generated: /workspace/source/charts/****-broker/templates/release.yaml
Created Release ****-broker-0-0-6 resource in namespace **
Updating PipelineActivity simonjamesrowe-****-broker-master-6 with version 0.0.6
Updated PipelineActivities simonjamesrowe-****-broker-master-6 with release notes URL: https://github.com/simonjamesrowe/****-broker/releases/tag/v0.0.6

Showing logs for build [32msimonjamesrowe-pact-broker-mast-n4qxh-6[0m stage [32mfrom-build-pack[0m and container [32mstep-promote-helm-release[0m
WARNING: No $CHART_REPOSITORY defined so using the default value of: http://jenkins-x-chartmuseum:8080
WARNING: No $CHART_REPOSITORY defined so using the default value of: http://jenkins-x-chartmuseum:8080
Uploading chart file ****-broker-0.0.6.tgz to http://jenkins-x-chartmuseum:8080/api/charts
Received 201 response: {"saved":true}
